<?xml version="1.0" encoding="UTF-8"?>
<!-- Generated by org.testng.reporters.JUnitReportReporter -->
<testsuite hostname="Prabhakar_Gudi" failures="0" tests="3" name="com.sgtesting.api.pojo.UsersPojo" time="0.321" errors="0" timestamp="2024-12-25T08:04:48 IST" skipped="0">
  <testcase classname="com.sgtesting.api.pojo.UsersPojo" name="generateJsonObject1" time="0.305"/>
  <system-out/>
  <testcase classname="com.sgtesting.api.pojo.UsersPojo" name="generateJsonObject2" time="0.005"/>
  <system-out/>
  <testcase classname="com.sgtesting.api.pojo.UsersPojo" name="generateJsonObject3" time="0.011"/>
  <system-out/>
</testsuite> <!-- com.sgtesting.api.pojo.UsersPojo -->
