<?xml version="1.0" encoding="UTF-8"?>
<!-- Generated by org.testng.reporters.JUnitReportReporter -->
<testsuite hostname="Prabhakar_Gudi" failures="0" tests="3" name="com.sgtesting.api.pojo.ScenarioCreateEmployee" time="3.020" errors="0" timestamp="2024-12-25T08:20:21 IST" skipped="0">
  <testcase classname="com.sgtesting.api.pojo.ScenarioCreateEmployee" name="createEmployee" time="2.501"/>
  <system-out/>
  <testcase classname="com.sgtesting.api.pojo.ScenarioCreateEmployee" name="displayEmployeeTest" time="0.408"/>
  <system-out/>
  <testcase classname="com.sgtesting.api.pojo.ScenarioCreateEmployee" name="deleteEmployeeTest" time="0.111"/>
  <system-out/>
</testsuite> <!-- com.sgtesting.api.pojo.ScenarioCreateEmployee -->
