<?xml version="1.0" encoding="UTF-8"?>
<!-- Generated by org.testng.reporters.JUnitReportReporter -->
<testsuite hostname="Prabhakar_Gudi" failures="0" tests="3" name="com.sgtesting.api.employee.ScenarioCreateEmployee" time="2.513" errors="0" timestamp="2024-12-24T08:24:57 IST" skipped="0">
  <testcase classname="com.sgtesting.api.employee.ScenarioCreateEmployee" name="createEmployeeTest" time="2.337"/>
  <system-out/>
  <testcase classname="com.sgtesting.api.employee.ScenarioCreateEmployee" name="displayEmployeeTest" time="0.120"/>
  <system-out/>
  <testcase classname="com.sgtesting.api.employee.ScenarioCreateEmployee" name="deleteEmployeeTest" time="0.056"/>
  <system-out/>
</testsuite> <!-- com.sgtesting.api.employee.ScenarioCreateEmployee -->
