<?xml version="1.0" encoding="UTF-8"?>
<!-- Generated by org.testng.reporters.JUnitReportReporter -->
<testsuite hostname="Prabhakar_Gudi" failures="0" tests="3" name="com.sgtesting.api.Testcases" time="0.023" errors="0" timestamp="2024-12-24T07:41:36 IST" skipped="0">
  <testcase classname="com.sgtesting.api.Testcases" name="testcase1" time="0.019"/>
  <system-out/>
  <testcase classname="com.sgtesting.api.Testcases" name="testcase3" time="0.002"/>
  <system-out/>
  <testcase classname="com.sgtesting.api.Testcases" name="testcase2" time="0.002"/>
  <system-out/>
</testsuite> <!-- com.sgtesting.api.Testcases -->
