<?xml version="1.0" encoding="UTF-8"?>
<!-- Generated by org.testng.reporters.JUnitReportReporter -->
<testsuite hostname="DESKTOP-IDPPTT9" failures="0" tests="7" name="com.sgtesting.DriverScript.Driverscripts" time="193.416" errors="0" timestamp="2025-01-20T16:22:08 IST" skipped="0">
  <testcase classname="com.sgtesting.DriverScript.Driverscripts" name="runScenario" time="23.339"/>
  <testcase classname="com.sgtesting.DriverScript.Driverscripts" name="runScenario" time="32.118"/>
  <testcase classname="com.sgtesting.DriverScript.Driverscripts" name="runScenario" time="31.166"/>
  <testcase classname="com.sgtesting.DriverScript.Driverscripts" name="runScenario" time="11.691"/>
  <testcase classname="com.sgtesting.DriverScript.Driverscripts" name="runScenario" time="30.280"/>
  <testcase classname="com.sgtesting.DriverScript.Driverscripts" name="runScenario" time="26.212"/>
  <testcase classname="com.sgtesting.DriverScript.Driverscripts" name="runScenario" time="38.610"/>
</testsuite> <!-- com.sgtesting.DriverScript.Driverscripts -->
